The system is: Windows - 10.0.22000 - AMD64
Compiling the C compiler identification source file "CMakeCCompilerId.c" succeeded.
Compiler: C:/Program Files/mingw-w64/x86_64-8.1.0-posix-seh-rt_v6-rev0/mingw64/bin/gcc.exe 
Build flags: 
Id flags:  

The output was:
0


Compilation of the C compiler identification source "CMakeCCompilerId.c" produced "a.exe"

The C compiler identification is GNU, found in "D:/rollDiceExercise/cmake-build-debug/CMakeFiles/3.19.2/CompilerIdC/a.exe"

Determining if the C compiler works passed with the following output:
Change Dir: D:/rollDiceExercise/cmake-build-debug/CMakeFiles/CMakeTmp

Run Build Command(s):C:/PROGRA~1/MINGW-~1/X86_64~1.0-P/mingw64/bin/mingw32-make.exe cmTC_0d140/fast && C:/PROGRA~1/MINGW-~1/X86_64~1.0-P/mingw64/bin/mingw32-make.exe  -f CMakeFiles\cmTC_0d140.dir\build.make CMakeFiles/cmTC_0d140.dir/build
mingw32-make.exe[1]: Entering directory 'D:/rollDiceExercise/cmake-build-debug/CMakeFiles/CMakeTmp'
Building C object CMakeFiles/cmTC_0d140.dir/testCCompiler.c.obj
C:\PROGRA~1\MINGW-~1\X86_64~1.0-P\mingw64\bin\gcc.exe    -o CMakeFiles\cmTC_0d140.dir\testCCompiler.c.obj -c D:\rollDiceExercise\cmake-build-debug\CMakeFiles\CMakeTmp\testCCompiler.c
Linking C executable cmTC_0d140.exe
"C:\Program Files\JetBrains\CLion 2020.2.4\bin\cmake\win\bin\cmake.exe" -E cmake_link_script CMakeFiles\cmTC_0d140.dir\link.txt --verbose=1
"C:\Program Files\JetBrains\CLion 2020.2.4\bin\cmake\win\bin\cmake.exe" -E rm -f CMakeFiles\cmTC_0d140.dir/objects.a
C:\PROGRA~1\MINGW-~1\X86_64~1.0-P\mingw64\bin\ar.exe cr CMakeFiles\cmTC_0d140.dir/objects.a @CMakeFiles\cmTC_0d140.dir\objects1.rsp
C:\PROGRA~1\MINGW-~1\X86_64~1.0-P\mingw64\bin\gcc.exe -Wl,--whole-archive CMakeFiles\cmTC_0d140.dir/objects.a -Wl,--no-whole-archive -o cmTC_0d140.exe -Wl,--out-implib,libcmTC_0d140.dll.a -Wl,--major-image-version,0,--minor-image-version,0 @CMakeFiles\cmTC_0d140.dir\linklibs.rsp
mingw32-make.exe[1]: Leaving directory 'D:/rollDiceExercise/cmake-build-debug/CMakeFiles/CMakeTmp'



